0	1	mikroCPIC1618.exe -MSF -DBG -pP16F628A -DL -O11111114 -fo4 -N"E:\Users\Roniere Resende\Documents\Meus Documentos\Estudo de Tecnologias\PIC Microcontrollers\Projects\MMI_PIC\MMI_PIC.mcppi" -SP"C:\Users\Public\Documents\Mikroelektronika\mikroC PRO for PIC\Defs\" -SP"C:\Users\Public\Documents\Mikroelektronika\mikroC PRO for PIC\Uses\P16\" -SP"E:\Users\Roniere Resende\Documents\Meus Documentos\Estudo de Tecnologias\PIC Microcontrollers\Projects\MMI_PIC\" -SP"E:\Users\Roniere Resende\Documents\Meus Documentos\Estudo de Tecnologias\PIC Microcontrollers\Projects\MMI_PIC\MMI_Software\" -IP"C:\Users\Public\Documents\Mikroelektronika\mikroC PRO for PIC\Uses\P16\" -IP"E:\Users\Roniere Resende\Documents\Meus Documentos\Estudo de Tecnologias\PIC Microcontrollers\Projects\MMI_PIC\" "MMI_PIC.c" "MMI_WR.c" "__Lib_Math.mcl" "__Lib_MathDouble.mcl" "__Lib_System.mcl" "__Lib_Delays.mcl"	 
hint: 0	1139	Available RAM: 208 [bytes], Available ROM: 2048 [bytes]	 
diagnostics: 0	122	Compilation Started	stdbool.h
diagnostics: 168	123	Compiled Successfully	MMI_PIC.c
hint: 40	1164	Variable 'tests' has been eliminated by optimizer	MMI_PIC.c
diagnostics: 0	122	Compilation Started	mmi_wr.h
diagnostics: 329	123	Compiled Successfully	MMI_WR.c
hint: 0	1164	Variable '?FLOC___send_nibble?T72' has been eliminated by optimizer	MMI_WR.c
hint: 0	1164	Variable '?FLOC___send_nibble?T76' has been eliminated by optimizer	MMI_WR.c
hint: 0	1164	Variable '?FLOC___send_nibble?T80' has been eliminated by optimizer	MMI_WR.c
hint: 0	1164	Variable '?FLOC___slcd_opt?T87' has been eliminated by optimizer	MMI_WR.c
hint: 0	1164	Variable '?FLOC___slcd_opt?T91' has been eliminated by optimizer	MMI_WR.c
hint: 0	1164	Variable '?FLOC___slcd_opt?T95' has been eliminated by optimizer	MMI_WR.c
diagnostics: 0	127	All files Compiled in 281 ms	 
hint: 0	1144	Used RAM (bytes): 57 (27%)  Free RAM (bytes): 151 (73%)	Used RAM (bytes): 57 (27%)  Free RAM (bytes): 151 (73%)
hint: 0	1144	Used ROM (program words): 1266 (62%)  Free ROM (program words): 782 (38%)	Used ROM (program words): 1266 (62%)  Free ROM (program words): 782 (38%)
diagnostics: 0	125	Project Linked Successfully	MMI_PIC.mcppi
diagnostics: 0	128	Linked in 32 ms	 
diagnostics: 0	129	Project 'MMI_PIC.mcppi' completed: 344 ms	 
diagnostics: 0	103	Finished successfully: 18 Jul 2024, 14:18:27	MMI_PIC.mcppi
